<?xml version="1.0" encoding="UTF-8"?>
<!-- Generated by org.testng.reporters.JUnitXMLReporter -->
<testsuite hostname="DESKTOP-027NKOQ" ignored="0" name="Test" tests="8" failures="0" timestamp="30 Jan 2020 10:38:15 GMT" time="0.4" errors="0">
  <testcase name="testLinkSpellings" time="0.04" classname="jbk.com.Testclass"/>
  <testcase name="testLinkSpellings" time="0.004" classname="jbk.com.Testclass"/>
  <testcase name="testLinkSpellings" time="0.002" classname="jbk.com.Testclass"/>
  <testcase name="testLinkSpellings" time="0.002" classname="jbk.com.Testclass"/>
  <testcase name="testLinkSpellings" time="0.002" classname="jbk.com.Testclass"/>
  <testcase name="testLinkSpellings" time="0.002" classname="jbk.com.Testclass"/>
  <testcase name="testLinksCount" time="0.008" classname="jbk.com.Testclass"/>
  <testcase name="testLinksSeq" time="0.026" classname="jbk.com.Testclass"/>
</testsuite> <!-- Test -->
