<?xml version="1.0" encoding="UTF-8"?>
<testng-results skipped="0" failed="0" ignored="0" total="1" passed="1">
  <reporter-output>
  </reporter-output>
  <suite name="Surefire suite" duration-ms="26" started-at="2020-01-30T12:13:41Z" finished-at="2020-01-30T12:13:41Z">
    <groups>
    </groups>
    <test name="Surefire test" duration-ms="26" started-at="2020-01-30T12:13:41Z" finished-at="2020-01-30T12:13:41Z">
      <class name="jbk.com.NewTest">
        <test-method status="PASS" signature="beforeSuite()[pri:0, instance:jbk.com.NewTest@35f983a6]" name="beforeSuite" is-config="true" duration-ms="13" started-at="2020-01-30T17:43:41Z" finished-at="2020-01-30T17:43:41Z">
          <reporter-output>
          </reporter-output>
        </test-method> <!-- beforeSuite -->
        <test-method status="PASS" signature="beforeTest()[pri:0, instance:jbk.com.NewTest@35f983a6]" name="beforeTest" is-config="true" duration-ms="0" started-at="2020-01-30T17:43:41Z" finished-at="2020-01-30T17:43:41Z">
          <reporter-output>
          </reporter-output>
        </test-method> <!-- beforeTest -->
        <test-method status="PASS" signature="beforeClass()[pri:0, instance:jbk.com.NewTest@35f983a6]" name="beforeClass" is-config="true" duration-ms="0" started-at="2020-01-30T17:43:41Z" finished-at="2020-01-30T17:43:41Z">
          <reporter-output>
          </reporter-output>
        </test-method> <!-- beforeClass -->
        <test-method status="PASS" signature="beforeMethod()[pri:0, instance:jbk.com.NewTest@35f983a6]" name="beforeMethod" is-config="true" duration-ms="0" started-at="2020-01-30T17:43:41Z" finished-at="2020-01-30T17:43:41Z">
          <reporter-output>
          </reporter-output>
        </test-method> <!-- beforeMethod -->
        <test-method status="PASS" signature="f()[pri:0, instance:jbk.com.NewTest@35f983a6]" name="f" duration-ms="1" started-at="2020-01-30T17:43:41Z" finished-at="2020-01-30T17:43:41Z">
          <reporter-output>
          </reporter-output>
        </test-method> <!-- f -->
        <test-method status="PASS" signature="afterMethod()[pri:0, instance:jbk.com.NewTest@35f983a6]" name="afterMethod" is-config="true" duration-ms="1" started-at="2020-01-30T17:43:41Z" finished-at="2020-01-30T17:43:41Z">
          <reporter-output>
          </reporter-output>
        </test-method> <!-- afterMethod -->
        <test-method status="PASS" signature="afterClass()[pri:0, instance:jbk.com.NewTest@35f983a6]" name="afterClass" is-config="true" duration-ms="1" started-at="2020-01-30T17:43:41Z" finished-at="2020-01-30T17:43:41Z">
          <reporter-output>
          </reporter-output>
        </test-method> <!-- afterClass -->
        <test-method status="PASS" signature="afterTest()[pri:0, instance:jbk.com.NewTest@35f983a6]" name="afterTest" is-config="true" duration-ms="1" started-at="2020-01-30T17:43:41Z" finished-at="2020-01-30T17:43:41Z">
          <reporter-output>
          </reporter-output>
        </test-method> <!-- afterTest -->
        <test-method status="PASS" signature="afterSuite()[pri:0, instance:jbk.com.NewTest@35f983a6]" name="afterSuite" is-config="true" duration-ms="0" started-at="2020-01-30T17:43:41Z" finished-at="2020-01-30T17:43:41Z">
          <reporter-output>
          </reporter-output>
        </test-method> <!-- afterSuite -->
      </class> <!-- jbk.com.NewTest -->
    </test> <!-- Surefire test -->
  </suite> <!-- Surefire suite -->
</testng-results>
